00:42:47 **** Incremental Build of configuration Debug for project EEE3096S_2022_Prac_2_Delays_and_I2C_Student_Version ****
make -j8 all 
arm-none-eabi-gcc "../Core/Src/main.c" -mcpu=cortex-m0 -std=gnu11 -g3 -DDEBUG -DUSE_HAL_DRIVER -DSTM32F051x8 -c -I../Core/Inc -I../Drivers/STM32F0xx_HAL_Driver/Inc -I../Drivers/STM32F0xx_HAL_Driver/Inc/Legacy -I../Drivers/CMSIS/Device/ST/STM32F0xx/Include -I../Drivers/CMSIS/Include -O0 -ffunction-sections -fdata-sections -Wall -fstack-usage -MMD -MP -MF"Core/Src/main.d" -MT"Core/Src/main.o" --specs=nano.specs -mfloat-abi=soft -mthumb -o "Core/Src/main.o"
../Core/Src/main.c: In function 'decToBcd':
../Core/Src/main.c:370:1: warning: control reaches end of non-void function [-Wreturn-type]
  370 | }
      | ^
../Core/Src/main.c: In function 'bcdToDec':
../Core/Src/main.c:381:1: warning: control reaches end of non-void function [-Wreturn-type]
  381 | }
      | ^
arm-none-eabi-gcc -o "EEE3096S_2022_Prac_2_Delays_and_I2C_Student_Version.elf" @"objects.list"   -mcpu=cortex-m0 -T"C:\Users\Ohmz\OneDrive - University of Cape Town\Documents\Academics\Third Year\EEE3096S\Practicals\3096-Pracs-ABRKAR004\Prac 2\WorkPackage2\EEE3096S_2022_Prac_2_Delays_and_I2C_Student_Version\STM32F051R8TX_FLASH.ld" --specs=nosys.specs -Wl,-Map="EEE3096S_2022_Prac_2_Delays_and_I2C_Student_Version.map" -Wl,--gc-sections -static --specs=nano.specs -mfloat-abi=soft -mthumb -Wl,--start-group -lc -lm -Wl,--end-group
Finished building target: EEE3096S_2022_Prac_2_Delays_and_I2C_Student_Version.elf
 
arm-none-eabi-size   EEE3096S_2022_Prac_2_Delays_and_I2C_Student_Version.elf 
arm-none-eabi-objdump -h -S  EEE3096S_2022_Prac_2_Delays_and_I2C_Student_Version.elf  > "EEE3096S_2022_Prac_2_Delays_and_I2C_Student_Version.list"
   text	   data	    bss	    dec	    hex	filename
  12716	     20	   1844	  14580	   38f4	EEE3096S_2022_Prac_2_Delays_and_I2C_Student_Version.elf
Finished building: default.size.stdout
 
Finished building: EEE3096S_2022_Prac_2_Delays_and_I2C_Student_Version.list
 
00:42:54 **** Incremental Build of configuration Debug for project EEE3096S_2022_Prac_2_Delays_and_I2C_Student_Version ****
make -j8 all 
arm-none-eabi-size   EEE3096S_2022_Prac_2_Delays_and_I2C_Student_Version.elf 
   text	   data	    bss	    dec	    hex	filename
  12716	     20	   1844	  14580	   38f4	EEE3096S_2022_Prac_2_Delays_and_I2C_Student_Version.elf
Finished building: default.size.stdout
 
